2024-10-16T09:22:11.948+08:00  INFO 59265 --- [discovery-server] [main] .s.s.p.d.DiscoveryServerApplicationTests : Starting DiscoveryServerApplicationTests using Java 23 with PID 59265 (started by chensoul in /Users/chensoul/codes/github/spring-petclinic-microservices/spring-petclinic-discovery-server)
2024-10-16T09:22:11.949+08:00  INFO 59265 --- [discovery-server] [main] .s.s.p.d.DiscoveryServerApplicationTests : No active profile set, falling back to 1 default profile: "default"
2024-10-16T09:22:11.968+08:00  INFO 59265 --- [discovery-server] [main] o.s.c.c.c.ConfigServerConfigDataLoader   : Fetching config from server at : http://localhost:8888/
2024-10-16T09:22:11.968+08:00  INFO 59265 --- [discovery-server] [main] o.s.c.c.c.ConfigServerConfigDataLoader   : Located environment: name=discovery-server, profiles=[default], label=null, version=null, state=null
2024-10-16T09:22:12.530+08:00  INFO 59265 --- [discovery-server] [main] o.s.cloud.context.scope.GenericScope     : BeanFactory id=4b6bcbd3-c4e0-3254-886f-8040f1f45a44
2024-10-16T09:22:12.590+08:00  WARN 59265 --- [discovery-server] [main] trationDelegate$BeanPostProcessorChecker : Bean 'org.springframework.cloud.client.loadbalancer.LoadBalancerAutoConfiguration$DeferringLoadBalancerInterceptorConfig' of type [org.springframework.cloud.client.loadbalancer.LoadBalancerAutoConfiguration$DeferringLoadBalancerInterceptorConfig] is not eligible for getting processed by all BeanPostProcessors (for example: not eligible for auto-proxying). The currently created BeanPostProcessor [lbRestClientPostProcessor] is declared through a non-static factory method on that class; consider declaring it as static instead.
2024-10-16T09:22:12.592+08:00  WARN 59265 --- [discovery-server] [main] trationDelegate$BeanPostProcessorChecker : Bean 'deferringLoadBalancerInterceptor' of type [org.springframework.cloud.client.loadbalancer.DeferringLoadBalancerInterceptor] is not eligible for getting processed by all BeanPostProcessors (for example: not eligible for auto-proxying). Is this bean getting eagerly injected into a currently created BeanPostProcessor [lbRestClientPostProcessor]? Check the corresponding BeanPostProcessor declaration and its dependencies.
2024-10-16T09:22:13.215+08:00  WARN 59265 --- [discovery-server] [main] iguration$LoadBalancerCaffeineWarnLogger : Spring Cloud LoadBalancer is currently working with the default cache. While this cache implementation is useful for development and tests, it's recommended to use Caffeine cache in production.You can switch to using Caffeine cache, by adding it and org.springframework.cache.caffeine.CaffeineCacheManager to the classpath.
2024-10-16T09:22:13.364+08:00  INFO 59265 --- [discovery-server] [main] o.s.c.n.eureka.InstanceInfoFactory       : Setting initial instance status as: STARTING
2024-10-16T09:22:13.381+08:00  INFO 59265 --- [discovery-server] [main] com.netflix.discovery.DiscoveryClient    : Initializing Eureka in region us-east-1
2024-10-16T09:22:13.382+08:00  INFO 59265 --- [discovery-server] [main] com.netflix.discovery.DiscoveryClient    : Client configured to neither register nor query for data.
2024-10-16T09:22:13.383+08:00  INFO 59265 --- [discovery-server] [main] com.netflix.discovery.DiscoveryClient    : Discovery Client initialized at timestamp 1729041733382 with initial instances count: 0
2024-10-16T09:22:13.403+08:00  INFO 59265 --- [discovery-server] [main] c.n.eureka.DefaultEurekaServerContext    : Initializing ...
2024-10-16T09:22:13.404+08:00  WARN 59265 --- [discovery-server] [main] c.n.eureka.cluster.PeerEurekaNodes       : The replica size seems to be empty. Check the route 53 DNS Registry
2024-10-16T09:22:13.410+08:00  INFO 59265 --- [discovery-server] [main] c.n.e.registry.AbstractInstanceRegistry  : Finished initializing remote region registries. All known remote regions: []
2024-10-16T09:22:13.411+08:00  INFO 59265 --- [discovery-server] [main] c.n.eureka.DefaultEurekaServerContext    : Initialized
2024-10-16T09:22:13.486+08:00  INFO 59265 --- [discovery-server] [main] o.s.b.a.e.web.EndpointLinksResolver      : Exposing 18 endpoints beneath base path '/actuator'
2024-10-16T09:22:13.524+08:00  INFO 59265 --- [discovery-server] [main] o.s.c.n.e.s.EurekaServiceRegistry        : Registering application DISCOVERY-SERVER with eureka with status UP
2024-10-16T09:22:13.530+08:00  INFO 59265 --- [discovery-server] [Thread-9] o.s.c.n.e.server.EurekaServerBootstrap   : isAws returned false
2024-10-16T09:22:13.531+08:00  INFO 59265 --- [discovery-server] [Thread-9] o.s.c.n.e.server.EurekaServerBootstrap   : Initialized server context
2024-10-16T09:22:13.531+08:00  INFO 59265 --- [discovery-server] [Thread-9] c.n.e.r.PeerAwareInstanceRegistryImpl    : Got 1 instances from neighboring DS node
2024-10-16T09:22:13.531+08:00  INFO 59265 --- [discovery-server] [Thread-9] c.n.e.r.PeerAwareInstanceRegistryImpl    : Renew threshold is: 1
2024-10-16T09:22:13.531+08:00  INFO 59265 --- [discovery-server] [Thread-9] c.n.e.r.PeerAwareInstanceRegistryImpl    : Changing status to UP
2024-10-16T09:22:13.532+08:00  INFO 59265 --- [discovery-server] [Thread-9] e.s.EurekaServerInitializerConfiguration : Started Eureka Server
2024-10-16T09:22:13.542+08:00  INFO 59265 --- [discovery-server] [main] .s.s.p.d.DiscoveryServerApplicationTests : Started DiscoveryServerApplicationTests in 2.098 seconds (process running for 2.787)
2024-10-16T09:22:14.125+08:00  INFO 59265 --- [discovery-server] [SpringApplicationShutdownHook] o.s.c.n.e.s.EurekaServiceRegistry        : Unregistering application DISCOVERY-SERVER with eureka with status DOWN
2024-10-16T09:22:14.126+08:00  INFO 59265 --- [discovery-server] [SpringApplicationShutdownHook] o.s.c.n.e.server.EurekaServerBootstrap   : Shutting down Eureka Server..
2024-10-16T09:22:14.126+08:00  INFO 59265 --- [discovery-server] [SpringApplicationShutdownHook] c.n.eureka.DefaultEurekaServerContext    : Shutting down ...
2024-10-16T09:22:14.126+08:00  INFO 59265 --- [discovery-server] [SpringApplicationShutdownHook] c.n.eureka.DefaultEurekaServerContext    : Shut down
2024-10-16T09:22:14.126+08:00  INFO 59265 --- [discovery-server] [SpringApplicationShutdownHook] o.s.c.n.e.server.EurekaServerBootstrap   : Eureka Service is now shutdown...
2024-10-16T09:22:14.127+08:00  INFO 59265 --- [discovery-server] [SpringApplicationShutdownHook] c.n.eureka.DefaultEurekaServerContext    : Shutting down ...
2024-10-16T09:22:14.127+08:00  INFO 59265 --- [discovery-server] [SpringApplicationShutdownHook] c.n.eureka.DefaultEurekaServerContext    : Shut down
2024-10-16T09:22:14.130+08:00  INFO 59265 --- [discovery-server] [SpringApplicationShutdownHook] com.netflix.discovery.DiscoveryClient    : Shutting down DiscoveryClient ...
2024-10-16T09:22:14.130+08:00  INFO 59265 --- [discovery-server] [SpringApplicationShutdownHook] com.netflix.discovery.DiscoveryClient    : Completed shut down of DiscoveryClient
2024-10-16T10:06:56.526+08:00  INFO 65645 --- [discovery-server] [main] .s.s.p.d.DiscoveryServerApplicationTests : Starting DiscoveryServerApplicationTests using Java 23 with PID 65645 (started by chensoul in /Users/chensoul/codes/github/spring-petclinic-microservices/spring-petclinic-discovery-server)
2024-10-16T10:06:56.528+08:00  INFO 65645 --- [discovery-server] [main] .s.s.p.d.DiscoveryServerApplicationTests : No active profile set, falling back to 1 default profile: "default"
2024-10-16T10:06:56.545+08:00  INFO 65645 --- [discovery-server] [main] o.s.c.c.c.ConfigServerConfigDataLoader   : Fetching config from server at : http://localhost:8888/
2024-10-16T10:06:56.545+08:00  INFO 65645 --- [discovery-server] [main] o.s.c.c.c.ConfigServerConfigDataLoader   : Located environment: name=discovery-server, profiles=[default], label=null, version=null, state=null
2024-10-16T10:06:57.064+08:00  INFO 65645 --- [discovery-server] [main] o.s.cloud.context.scope.GenericScope     : BeanFactory id=4b6bcbd3-c4e0-3254-886f-8040f1f45a44
2024-10-16T10:06:57.116+08:00  WARN 65645 --- [discovery-server] [main] trationDelegate$BeanPostProcessorChecker : Bean 'org.springframework.cloud.client.loadbalancer.LoadBalancerAutoConfiguration$DeferringLoadBalancerInterceptorConfig' of type [org.springframework.cloud.client.loadbalancer.LoadBalancerAutoConfiguration$DeferringLoadBalancerInterceptorConfig] is not eligible for getting processed by all BeanPostProcessors (for example: not eligible for auto-proxying). The currently created BeanPostProcessor [lbRestClientPostProcessor] is declared through a non-static factory method on that class; consider declaring it as static instead.
2024-10-16T10:06:57.117+08:00  WARN 65645 --- [discovery-server] [main] trationDelegate$BeanPostProcessorChecker : Bean 'deferringLoadBalancerInterceptor' of type [org.springframework.cloud.client.loadbalancer.DeferringLoadBalancerInterceptor] is not eligible for getting processed by all BeanPostProcessors (for example: not eligible for auto-proxying). Is this bean getting eagerly injected into a currently created BeanPostProcessor [lbRestClientPostProcessor]? Check the corresponding BeanPostProcessor declaration and its dependencies.
2024-10-16T10:06:57.677+08:00  WARN 65645 --- [discovery-server] [main] iguration$LoadBalancerCaffeineWarnLogger : Spring Cloud LoadBalancer is currently working with the default cache. While this cache implementation is useful for development and tests, it's recommended to use Caffeine cache in production.You can switch to using Caffeine cache, by adding it and org.springframework.cache.caffeine.CaffeineCacheManager to the classpath.
2024-10-16T10:06:57.810+08:00  INFO 65645 --- [discovery-server] [main] o.s.c.n.eureka.InstanceInfoFactory       : Setting initial instance status as: STARTING
2024-10-16T10:06:57.818+08:00  INFO 65645 --- [discovery-server] [main] com.netflix.discovery.DiscoveryClient    : Initializing Eureka in region us-east-1
2024-10-16T10:06:57.819+08:00  INFO 65645 --- [discovery-server] [main] com.netflix.discovery.DiscoveryClient    : Client configured to neither register nor query for data.
2024-10-16T10:06:57.820+08:00  INFO 65645 --- [discovery-server] [main] com.netflix.discovery.DiscoveryClient    : Discovery Client initialized at timestamp 1729044417820 with initial instances count: 0
2024-10-16T10:06:57.836+08:00  INFO 65645 --- [discovery-server] [main] c.n.eureka.DefaultEurekaServerContext    : Initializing ...
2024-10-16T10:06:57.838+08:00  WARN 65645 --- [discovery-server] [main] c.n.eureka.cluster.PeerEurekaNodes       : The replica size seems to be empty. Check the route 53 DNS Registry
2024-10-16T10:06:57.841+08:00  INFO 65645 --- [discovery-server] [main] c.n.e.registry.AbstractInstanceRegistry  : Finished initializing remote region registries. All known remote regions: []
2024-10-16T10:06:57.842+08:00  INFO 65645 --- [discovery-server] [main] c.n.eureka.DefaultEurekaServerContext    : Initialized
2024-10-16T10:06:57.910+08:00  INFO 65645 --- [discovery-server] [main] o.s.b.a.e.web.EndpointLinksResolver      : Exposing 18 endpoints beneath base path '/actuator'
2024-10-16T10:06:57.944+08:00  INFO 65645 --- [discovery-server] [main] o.s.c.n.e.s.EurekaServiceRegistry        : Registering application DISCOVERY-SERVER with eureka with status UP
2024-10-16T10:06:57.951+08:00  INFO 65645 --- [discovery-server] [Thread-10] o.s.c.n.e.server.EurekaServerBootstrap   : isAws returned false
2024-10-16T10:06:57.952+08:00  INFO 65645 --- [discovery-server] [Thread-10] o.s.c.n.e.server.EurekaServerBootstrap   : Initialized server context
2024-10-16T10:06:57.952+08:00  INFO 65645 --- [discovery-server] [Thread-10] c.n.e.r.PeerAwareInstanceRegistryImpl    : Got 1 instances from neighboring DS node
2024-10-16T10:06:57.952+08:00  INFO 65645 --- [discovery-server] [Thread-10] c.n.e.r.PeerAwareInstanceRegistryImpl    : Renew threshold is: 1
2024-10-16T10:06:57.952+08:00  INFO 65645 --- [discovery-server] [Thread-10] c.n.e.r.PeerAwareInstanceRegistryImpl    : Changing status to UP
2024-10-16T10:06:57.954+08:00  INFO 65645 --- [discovery-server] [Thread-10] e.s.EurekaServerInitializerConfiguration : Started Eureka Server
2024-10-16T10:06:57.964+08:00  INFO 65645 --- [discovery-server] [main] .s.s.p.d.DiscoveryServerApplicationTests : Started DiscoveryServerApplicationTests in 1.862 seconds (process running for 2.38)
2024-10-16T10:06:58.521+08:00  INFO 65645 --- [discovery-server] [SpringApplicationShutdownHook] o.s.c.n.e.s.EurekaServiceRegistry        : Unregistering application DISCOVERY-SERVER with eureka with status DOWN
2024-10-16T10:06:58.522+08:00  INFO 65645 --- [discovery-server] [SpringApplicationShutdownHook] o.s.c.n.e.server.EurekaServerBootstrap   : Shutting down Eureka Server..
2024-10-16T10:06:58.522+08:00  INFO 65645 --- [discovery-server] [SpringApplicationShutdownHook] c.n.eureka.DefaultEurekaServerContext    : Shutting down ...
2024-10-16T10:06:58.522+08:00  INFO 65645 --- [discovery-server] [SpringApplicationShutdownHook] c.n.eureka.DefaultEurekaServerContext    : Shut down
2024-10-16T10:06:58.522+08:00  INFO 65645 --- [discovery-server] [SpringApplicationShutdownHook] o.s.c.n.e.server.EurekaServerBootstrap   : Eureka Service is now shutdown...
2024-10-16T10:06:58.522+08:00  INFO 65645 --- [discovery-server] [SpringApplicationShutdownHook] c.n.eureka.DefaultEurekaServerContext    : Shutting down ...
2024-10-16T10:06:58.522+08:00  INFO 65645 --- [discovery-server] [SpringApplicationShutdownHook] c.n.eureka.DefaultEurekaServerContext    : Shut down
2024-10-16T10:06:58.525+08:00  INFO 65645 --- [discovery-server] [SpringApplicationShutdownHook] com.netflix.discovery.DiscoveryClient    : Shutting down DiscoveryClient ...
2024-10-16T10:06:58.526+08:00  INFO 65645 --- [discovery-server] [SpringApplicationShutdownHook] com.netflix.discovery.DiscoveryClient    : Completed shut down of DiscoveryClient
